<?xml version="1.0" encoding="UTF-8"?>
<testng-results ignored="0" total="2" passed="2" failed="0" skipped="0">
  <reporter-output>
    <line>
      <![CDATA[Extent Report Directory/Users/navid/Documents/OntarioCannabisStore/test-output/html]]>
    </line>
    <line>
      <![CDATA[Starting test up]]>
    </line>
    <line>
      <![CDATA[Starting test up]]>
    </line>
    <line>
      <![CDATA[Send keys to: Month]]>
    </line>
    <line>
      <![CDATA[Sent keys to: Month]]>
    </line>
    <line>
      <![CDATA[Send keys to: Day]]>
    </line>
    <line>
      <![CDATA[Sent keys to: Day]]>
    </line>
    <line>
      <![CDATA[Send keys to: Year]]>
    </line>
    <line>
      <![CDATA[Sent keys to: Year]]>
    </line>
    <line>
      <![CDATA[Click on: Identity]]>
    </line>
    <line>
      <![CDATA[Clicked on: Identity]]>
    </line>
    <line>
      <![CDATA[Click on: Strain of product, selecting weight]]>
    </line>
    <line>
      <![CDATA[Clicked on: Strain of product, selecting weight]]>
    </line>
    <line>
      <![CDATA[Click on: Strain of product, selecting weight]]>
    </line>
    <line>
      <![CDATA[Clicked on: Strain of product, selecting weight]]>
    </line>
    <line>
      <![CDATA[Click on: Strain of product, selecting weight]]>
    </line>
    <line>
      <![CDATA[Clicked on: Strain of product, selecting weight]]>
    </line>
    <line>
      <![CDATA[Click on: Strain of product, selecting weight]]>
    </line>
    <line>
      <![CDATA[Clicked on: Strain of product, selecting weight]]>
    </line>
    <line>
      <![CDATA[Click on: Strain of product, selecting weight]]>
    </line>
    <line>
      <![CDATA[Clicked on: Strain of product, selecting weight]]>
    </line>
    <line>
      <![CDATA[Click on: Strain of product, selecting weight]]>
    </line>
    <line>
      <![CDATA[Clicked on: Strain of product, selecting weight]]>
    </line>
    <line>
      <![CDATA[Click on: Strain of product, selecting weight]]>
    </line>
    <line>
      <![CDATA[Clicked on: Strain of product, selecting weight]]>
    </line>
    <line>
      <![CDATA[Click on: Strain of product, selecting weight]]>
    </line>
    <line>
      <![CDATA[Clicked on: Strain of product, selecting weight]]>
    </line>
    <line>
      <![CDATA[Click on: Strain of product, selecting weight]]>
    </line>
    <line>
      <![CDATA[Clicked on: Strain of product, selecting weight]]>
    </line>
    <line>
      <![CDATA[Click on: Adding the first item to cart]]>
    </line>
    <line>
      <![CDATA[Clicked on: Adding the first item to cart]]>
    </line>
    <line>
      <![CDATA[Click on: Adding the second item to cart]]>
    </line>
    <line>
      <![CDATA[Clicked on: Adding the second item to cart]]>
    </line>
    <line>
      <![CDATA[Click on: Adding the third item to cart]]>
    </line>
    <line>
      <![CDATA[Clicked on: Adding the third item to cart]]>
    </line>
    <line>
      <![CDATA[Click on: Adding the first item to cart]]>
    </line>
    <line>
      <![CDATA[Clicked on: Adding the first item to cart]]>
    </line>
    <line>
      <![CDATA[Click on: Adding the second item to cart]]>
    </line>
    <line>
      <![CDATA[Clicked on: Adding the second item to cart]]>
    </line>
    <line>
      <![CDATA[Click on: Adding the third item to cart]]>
    </line>
    <line>
      <![CDATA[Clicked on: Adding the third item to cart]]>
    </line>
    <line>
      <![CDATA[Click on: Adding the first item to cart]]>
    </line>
    <line>
      <![CDATA[Clicked on: Adding the first item to cart]]>
    </line>
    <line>
      <![CDATA[Click on: Adding the second item to cart]]>
    </line>
    <line>
      <![CDATA[Clicked on: Adding the second item to cart]]>
    </line>
    <line>
      <![CDATA[Click on: Adding the third item to cart]]>
    </line>
    <line>
      <![CDATA[Clicked on: Adding the third item to cart]]>
    </line>
    <line>
      <![CDATA[Click on: clicking on view shopping cart]]>
    </line>
    <line>
      <![CDATA[Clicked on: clicking on view shopping cart]]>
    </line>
    <line>
      <![CDATA[SUCCESS! Test has been passed]]>
    </line>
    <line>
      <![CDATA[SUCCESS! Test has been passed]]>
    </line>
    <line>
      <![CDATA[Starting test up]]>
    </line>
    <line>
      <![CDATA[Starting test up]]>
    </line>
    <line>
      <![CDATA[Send keys to: Month]]>
    </line>
    <line>
      <![CDATA[Sent keys to: Month]]>
    </line>
    <line>
      <![CDATA[Send keys to: Day]]>
    </line>
    <line>
      <![CDATA[Sent keys to: Day]]>
    </line>
    <line>
      <![CDATA[Send keys to: Year]]>
    </line>
    <line>
      <![CDATA[Sent keys to: Year]]>
    </line>
    <line>
      <![CDATA[Click on: Identity]]>
    </line>
    <line>
      <![CDATA[Clicked on: Identity]]>
    </line>
    <line>
      <![CDATA[Click on: weight]]>
    </line>
    <line>
      <![CDATA[Clicked on: weight]]>
    </line>
    <line>
      <![CDATA[Click on: add to Cart]]>
    </line>
    <line>
      <![CDATA[Clicked on: add to Cart]]>
    </line>
    <line>
      <![CDATA[Click on: Viewing Shopping Cart]]>
    </line>
    <line>
      <![CDATA[Clicked on: Viewing Shopping Cart]]>
    </line>
    <line>
      <![CDATA[Click on: Agreeing to Terms and Conditions]]>
    </line>
    <line>
      <![CDATA[Clicked on: Agreeing to Terms and Conditions]]>
    </line>
    <line>
      <![CDATA[Click on: Checking Out Button]]>
    </line>
    <line>
      <![CDATA[Clicked on: Checking Out Button]]>
    </line>
    <line>
      <![CDATA[Send keys to: Insert Email here]]>
    </line>
    <line>
      <![CDATA[Sent keys to: Insert Email here]]>
    </line>
    <line>
      <![CDATA[Send keys to: Insert firstName Here]]>
    </line>
    <line>
      <![CDATA[Sent keys to: Insert firstName Here]]>
    </line>
    <line>
      <![CDATA[Send keys to: Insert lastName Here]]>
    </line>
    <line>
      <![CDATA[Sent keys to: Insert lastName Here]]>
    </line>
    <line>
      <![CDATA[Send keys to: Insert Address Here]]>
    </line>
    <line>
      <![CDATA[Sent keys to: Insert Address Here]]>
    </line>
    <line>
      <![CDATA[Send keys to: Insert City here]]>
    </line>
    <line>
      <![CDATA[Sent keys to: Insert City here]]>
    </line>
    <line>
      <![CDATA[Send keys to: Insert postalcode here]]>
    </line>
    <line>
      <![CDATA[Sent keys to: Insert postalcode here]]>
    </line>
    <line>
      <![CDATA[Send keys to: Insert phone number here]]>
    </line>
    <line>
      <![CDATA[Sent keys to: Insert phone number here]]>
    </line>
    <line>
      <![CDATA[Click on: Continuing checkout Purchase]]>
    </line>
    <line>
      <![CDATA[Clicked on: Continuing checkout Purchase]]>
    </line>
    <line>
      <![CDATA[Getting Text from: Price of Product]]>
    </line>
    <line>
      <![CDATA[Actual text: $117.60]]>
    </line>
    <line>
      <![CDATA[SUCCESS! Test has been passed]]>
    </line>
    <line>
      <![CDATA[SUCCESS! Test has been passed]]>
    </line>
  </reporter-output>
  <suite started-at="2020-05-09T04:32:59Z" name="Automation Test" finished-at="2020-05-09T04:33:49Z" duration-ms="50304">
    <groups>
    </groups>
    <test started-at="2020-05-09T04:32:59Z" name="OCS Verification" finished-at="2020-05-09T04:33:49Z" duration-ms="50304">
      <class name="cannabistest.OCSVerifyCart">
        <test-method is-config="true" signature="extentSetup(org.testng.ITestContext)[pri:0, instance:cannabistest.OCSVerifyCart@3b94d659]" started-at="2020-05-09T00:32:59Z" name="extentSetup" finished-at="2020-05-09T00:32:59Z" duration-ms="271" status="PASS">
          <params>
            <param index="0">
              <value>
                <![CDATA[org.testng.TestRunner@1f443fae]]>
              </value>
            </param>
          </params>
          <reporter-output>
            <line>
              <![CDATA[Extent Report Directory/Users/navid/Documents/OntarioCannabisStore/test-output/html]]>
            </line>
          </reporter-output>
        </test-method> <!-- extentSetup -->
        <test-method is-config="true" signature="setUp(boolean, java.lang.String, java.lang.String, java.lang.String, java.lang.String, java.lang.String, java.lang.String)[pri:0, instance:cannabistest.OCSVerifyCart@3b94d659]" started-at="2020-05-09T00:32:59Z" name="setUp" finished-at="2020-05-09T00:33:04Z" duration-ms="5147" status="PASS">
          <params>
            <param index="0">
              <value>
                <![CDATA[false]]>
              </value>
            </param>
            <param index="1">
              <value>
                <![CDATA[false]]>
              </value>
            </param>
            <param index="2">
              <value>
                <![CDATA[mac]]>
              </value>
            </param>
            <param index="3">
              <value>
                <![CDATA[10.15.4]]>
              </value>
            </param>
            <param index="4">
              <value>
                <![CDATA[chrome]]>
              </value>
            </param>
            <param index="5">
              <value>
                <![CDATA[81.0.4044.138]]>
              </value>
            </param>
            <param index="6">
              <value>
                <![CDATA[https://ocs.ca/]]>
              </value>
            </param>
          </params>
          <reporter-output>
          </reporter-output>
        </test-method> <!-- setUp -->
        <test-method is-config="true" signature="startExtent(java.lang.reflect.Method)[pri:0, instance:cannabistest.OCSVerifyCart@3b94d659]" started-at="2020-05-09T00:33:04Z" name="startExtent" finished-at="2020-05-09T00:33:04Z" duration-ms="9" status="PASS">
          <params>
            <param index="0">
              <value>
                <![CDATA[public void cannabistest.OCSVerifyCart.verifying_With_Illegal_Amount_Of_Product_To_Cart() throws java.lang.InterruptedException,java.lang.AssertionError]]>
              </value>
            </param>
          </params>
          <reporter-output>
          </reporter-output>
        </test-method> <!-- startExtent -->
        <test-method is-config="true" signature="setUp()[pri:0, instance:cannabistest.OCSVerifyCart@3b94d659]" started-at="2020-05-09T00:33:04Z" name="setUp" finished-at="2020-05-09T00:33:04Z" duration-ms="40" status="PASS">
          <reporter-output>
          </reporter-output>
        </test-method> <!-- setUp -->
        <test-method signature="verifying_With_Illegal_Amount_Of_Product_To_Cart()[pri:0, instance:cannabistest.OCSVerifyCart@3b94d659]" started-at="2020-05-09T00:33:04Z" name="verifying_With_Illegal_Amount_Of_Product_To_Cart" finished-at="2020-05-09T00:33:24Z" duration-ms="19593" status="PASS">
          <reporter-output>
            <line>
              <![CDATA[Starting test up]]>
            </line>
            <line>
              <![CDATA[Starting test up]]>
            </line>
            <line>
              <![CDATA[Send keys to: Month]]>
            </line>
            <line>
              <![CDATA[Sent keys to: Month]]>
            </line>
            <line>
              <![CDATA[Send keys to: Day]]>
            </line>
            <line>
              <![CDATA[Sent keys to: Day]]>
            </line>
            <line>
              <![CDATA[Send keys to: Year]]>
            </line>
            <line>
              <![CDATA[Sent keys to: Year]]>
            </line>
            <line>
              <![CDATA[Click on: Identity]]>
            </line>
            <line>
              <![CDATA[Clicked on: Identity]]>
            </line>
            <line>
              <![CDATA[Click on: Strain of product, selecting weight]]>
            </line>
            <line>
              <![CDATA[Clicked on: Strain of product, selecting weight]]>
            </line>
            <line>
              <![CDATA[Click on: Strain of product, selecting weight]]>
            </line>
            <line>
              <![CDATA[Clicked on: Strain of product, selecting weight]]>
            </line>
            <line>
              <![CDATA[Click on: Strain of product, selecting weight]]>
            </line>
            <line>
              <![CDATA[Clicked on: Strain of product, selecting weight]]>
            </line>
            <line>
              <![CDATA[Click on: Strain of product, selecting weight]]>
            </line>
            <line>
              <![CDATA[Clicked on: Strain of product, selecting weight]]>
            </line>
            <line>
              <![CDATA[Click on: Strain of product, selecting weight]]>
            </line>
            <line>
              <![CDATA[Clicked on: Strain of product, selecting weight]]>
            </line>
            <line>
              <![CDATA[Click on: Strain of product, selecting weight]]>
            </line>
            <line>
              <![CDATA[Clicked on: Strain of product, selecting weight]]>
            </line>
            <line>
              <![CDATA[Click on: Strain of product, selecting weight]]>
            </line>
            <line>
              <![CDATA[Clicked on: Strain of product, selecting weight]]>
            </line>
            <line>
              <![CDATA[Click on: Strain of product, selecting weight]]>
            </line>
            <line>
              <![CDATA[Clicked on: Strain of product, selecting weight]]>
            </line>
            <line>
              <![CDATA[Click on: Strain of product, selecting weight]]>
            </line>
            <line>
              <![CDATA[Clicked on: Strain of product, selecting weight]]>
            </line>
            <line>
              <![CDATA[Click on: Adding the first item to cart]]>
            </line>
            <line>
              <![CDATA[Clicked on: Adding the first item to cart]]>
            </line>
            <line>
              <![CDATA[Click on: Adding the second item to cart]]>
            </line>
            <line>
              <![CDATA[Clicked on: Adding the second item to cart]]>
            </line>
            <line>
              <![CDATA[Click on: Adding the third item to cart]]>
            </line>
            <line>
              <![CDATA[Clicked on: Adding the third item to cart]]>
            </line>
            <line>
              <![CDATA[Click on: Adding the first item to cart]]>
            </line>
            <line>
              <![CDATA[Clicked on: Adding the first item to cart]]>
            </line>
            <line>
              <![CDATA[Click on: Adding the second item to cart]]>
            </line>
            <line>
              <![CDATA[Clicked on: Adding the second item to cart]]>
            </line>
            <line>
              <![CDATA[Click on: Adding the third item to cart]]>
            </line>
            <line>
              <![CDATA[Clicked on: Adding the third item to cart]]>
            </line>
            <line>
              <![CDATA[Click on: Adding the first item to cart]]>
            </line>
            <line>
              <![CDATA[Clicked on: Adding the first item to cart]]>
            </line>
            <line>
              <![CDATA[Click on: Adding the second item to cart]]>
            </line>
            <line>
              <![CDATA[Clicked on: Adding the second item to cart]]>
            </line>
            <line>
              <![CDATA[Click on: Adding the third item to cart]]>
            </line>
            <line>
              <![CDATA[Clicked on: Adding the third item to cart]]>
            </line>
            <line>
              <![CDATA[Click on: clicking on view shopping cart]]>
            </line>
            <line>
              <![CDATA[Clicked on: clicking on view shopping cart]]>
            </line>
            <line>
              <![CDATA[SUCCESS! Test has been passed]]>
            </line>
            <line>
              <![CDATA[SUCCESS! Test has been passed]]>
            </line>
          </reporter-output>
        </test-method> <!-- verifying_With_Illegal_Amount_Of_Product_To_Cart -->
        <test-method is-config="true" signature="tearDown()[pri:0, instance:cannabistest.OCSVerifyCart@3b94d659]" started-at="2020-05-09T00:33:24Z" name="tearDown" finished-at="2020-05-09T00:33:24Z" duration-ms="91" status="PASS">
          <reporter-output>
          </reporter-output>
        </test-method> <!-- tearDown -->
        <test-method is-config="true" signature="afterEachTestMethod(org.testng.ITestResult)[pri:0, instance:cannabistest.OCSVerifyCart@3b94d659]" started-at="2020-05-09T00:33:24Z" name="afterEachTestMethod" finished-at="2020-05-09T00:33:24Z" duration-ms="271" status="PASS">
          <params>
            <param index="0">
              <value>
                <![CDATA[[TestResult name=verifying_With_Illegal_Amount_Of_Product_To_Cart status=SUCCESS method=OCSVerifyCart.verifying_With_Illegal_Amount_Of_Product_To_Cart()[pri:0, instance:cannabistest.OCSVerifyCart@3b94d659] output=Starting test up]]]>
              </value>
            </param>
          </params>
          <reporter-output>
          </reporter-output>
        </test-method> <!-- afterEachTestMethod -->
        <test-method is-config="true" signature="closeOut()[pri:0, instance:cannabistest.OCSVerifyCart@3b94d659]" started-at="2020-05-09T00:33:24Z" name="closeOut" finished-at="2020-05-09T00:33:24Z" duration-ms="0" status="PASS">
          <reporter-output>
          </reporter-output>
        </test-method> <!-- closeOut -->
        <test-method is-config="true" signature="setUp(boolean, java.lang.String, java.lang.String, java.lang.String, java.lang.String, java.lang.String, java.lang.String)[pri:0, instance:cannabistest.OCSVerifyCart@3b94d659]" started-at="2020-05-09T00:33:24Z" name="setUp" finished-at="2020-05-09T00:33:27Z" duration-ms="2374" status="PASS">
          <params>
            <param index="0">
              <value>
                <![CDATA[false]]>
              </value>
            </param>
            <param index="1">
              <value>
                <![CDATA[false]]>
              </value>
            </param>
            <param index="2">
              <value>
                <![CDATA[mac]]>
              </value>
            </param>
            <param index="3">
              <value>
                <![CDATA[10.15.4]]>
              </value>
            </param>
            <param index="4">
              <value>
                <![CDATA[chrome]]>
              </value>
            </param>
            <param index="5">
              <value>
                <![CDATA[81.0.4044.138]]>
              </value>
            </param>
            <param index="6">
              <value>
                <![CDATA[https://ocs.ca/]]>
              </value>
            </param>
          </params>
          <reporter-output>
          </reporter-output>
        </test-method> <!-- setUp -->
        <test-method is-config="true" signature="setUp()[pri:0, instance:cannabistest.OCSVerifyCart@3b94d659]" started-at="2020-05-09T00:33:27Z" name="setUp" finished-at="2020-05-09T00:33:27Z" duration-ms="3" status="PASS">
          <reporter-output>
          </reporter-output>
        </test-method> <!-- setUp -->
        <test-method is-config="true" signature="startExtent(java.lang.reflect.Method)[pri:0, instance:cannabistest.OCSVerifyCart@3b94d659]" started-at="2020-05-09T00:33:27Z" name="startExtent" finished-at="2020-05-09T00:33:27Z" duration-ms="0" status="PASS">
          <params>
            <param index="0">
              <value>
                <![CDATA[public void cannabistest.OCSVerifyCart.verifying_With_Legal_Amount_Of_Product_To_Cart() throws java.lang.InterruptedException,java.lang.AssertionError]]>
              </value>
            </param>
          </params>
          <reporter-output>
          </reporter-output>
        </test-method> <!-- startExtent -->
        <test-method signature="verifying_With_Legal_Amount_Of_Product_To_Cart()[pri:1, instance:cannabistest.OCSVerifyCart@3b94d659]" started-at="2020-05-09T00:33:27Z" name="verifying_With_Legal_Amount_Of_Product_To_Cart" finished-at="2020-05-09T00:33:49Z" duration-ms="22602" status="PASS">
          <reporter-output>
            <line>
              <![CDATA[Starting test up]]>
            </line>
            <line>
              <![CDATA[Starting test up]]>
            </line>
            <line>
              <![CDATA[Send keys to: Month]]>
            </line>
            <line>
              <![CDATA[Sent keys to: Month]]>
            </line>
            <line>
              <![CDATA[Send keys to: Day]]>
            </line>
            <line>
              <![CDATA[Sent keys to: Day]]>
            </line>
            <line>
              <![CDATA[Send keys to: Year]]>
            </line>
            <line>
              <![CDATA[Sent keys to: Year]]>
            </line>
            <line>
              <![CDATA[Click on: Identity]]>
            </line>
            <line>
              <![CDATA[Clicked on: Identity]]>
            </line>
            <line>
              <![CDATA[Click on: weight]]>
            </line>
            <line>
              <![CDATA[Clicked on: weight]]>
            </line>
            <line>
              <![CDATA[Click on: add to Cart]]>
            </line>
            <line>
              <![CDATA[Clicked on: add to Cart]]>
            </line>
            <line>
              <![CDATA[Click on: Viewing Shopping Cart]]>
            </line>
            <line>
              <![CDATA[Clicked on: Viewing Shopping Cart]]>
            </line>
            <line>
              <![CDATA[Click on: Agreeing to Terms and Conditions]]>
            </line>
            <line>
              <![CDATA[Clicked on: Agreeing to Terms and Conditions]]>
            </line>
            <line>
              <![CDATA[Click on: Checking Out Button]]>
            </line>
            <line>
              <![CDATA[Clicked on: Checking Out Button]]>
            </line>
            <line>
              <![CDATA[Send keys to: Insert Email here]]>
            </line>
            <line>
              <![CDATA[Sent keys to: Insert Email here]]>
            </line>
            <line>
              <![CDATA[Send keys to: Insert firstName Here]]>
            </line>
            <line>
              <![CDATA[Sent keys to: Insert firstName Here]]>
            </line>
            <line>
              <![CDATA[Send keys to: Insert lastName Here]]>
            </line>
            <line>
              <![CDATA[Sent keys to: Insert lastName Here]]>
            </line>
            <line>
              <![CDATA[Send keys to: Insert Address Here]]>
            </line>
            <line>
              <![CDATA[Sent keys to: Insert Address Here]]>
            </line>
            <line>
              <![CDATA[Send keys to: Insert City here]]>
            </line>
            <line>
              <![CDATA[Sent keys to: Insert City here]]>
            </line>
            <line>
              <![CDATA[Send keys to: Insert postalcode here]]>
            </line>
            <line>
              <![CDATA[Sent keys to: Insert postalcode here]]>
            </line>
            <line>
              <![CDATA[Send keys to: Insert phone number here]]>
            </line>
            <line>
              <![CDATA[Sent keys to: Insert phone number here]]>
            </line>
            <line>
              <![CDATA[Click on: Continuing checkout Purchase]]>
            </line>
            <line>
              <![CDATA[Clicked on: Continuing checkout Purchase]]>
            </line>
            <line>
              <![CDATA[Getting Text from: Price of Product]]>
            </line>
            <line>
              <![CDATA[Actual text: $117.60]]>
            </line>
            <line>
              <![CDATA[SUCCESS! Test has been passed]]>
            </line>
            <line>
              <![CDATA[SUCCESS! Test has been passed]]>
            </line>
          </reporter-output>
        </test-method> <!-- verifying_With_Legal_Amount_Of_Product_To_Cart -->
        <test-method is-config="true" signature="tearDown()[pri:0, instance:cannabistest.OCSVerifyCart@3b94d659]" started-at="2020-05-09T00:33:49Z" name="tearDown" finished-at="2020-05-09T00:33:49Z" duration-ms="86" status="PASS">
          <reporter-output>
          </reporter-output>
        </test-method> <!-- tearDown -->
        <test-method is-config="true" signature="afterEachTestMethod(org.testng.ITestResult)[pri:0, instance:cannabistest.OCSVerifyCart@3b94d659]" started-at="2020-05-09T00:33:49Z" name="afterEachTestMethod" finished-at="2020-05-09T00:33:49Z" duration-ms="72" status="PASS">
          <params>
            <param index="0">
              <value>
                <![CDATA[[TestResult name=verifying_With_Legal_Amount_Of_Product_To_Cart status=SUCCESS method=OCSVerifyCart.verifying_With_Legal_Amount_Of_Product_To_Cart()[pri:1, instance:cannabistest.OCSVerifyCart@3b94d659] output=Starting test up]]]>
              </value>
            </param>
          </params>
          <reporter-output>
          </reporter-output>
        </test-method> <!-- afterEachTestMethod -->
        <test-method is-config="true" signature="closeOut()[pri:0, instance:cannabistest.OCSVerifyCart@3b94d659]" started-at="2020-05-09T00:33:49Z" name="closeOut" finished-at="2020-05-09T00:33:49Z" duration-ms="0" status="PASS">
          <reporter-output>
          </reporter-output>
        </test-method> <!-- closeOut -->
        <test-method is-config="true" signature="generateReport()[pri:0, instance:cannabistest.OCSVerifyCart@3b94d659]" started-at="2020-05-09T00:33:49Z" name="generateReport" finished-at="2020-05-09T00:33:50Z" duration-ms="24" status="PASS">
          <reporter-output>
          </reporter-output>
        </test-method> <!-- generateReport -->
      </class> <!-- cannabistest.OCSVerifyCart -->
    </test> <!-- OCS Verification -->
  </suite> <!-- Automation Test -->
</testng-results>
