<?xml version="1.0" encoding="UTF-8"?>
<!-- Generated by org.testng.reporters.JUnitXMLReporter -->
<testsuite ignored="0" hostname="Navids-MacBook-Pro.local" failures="0" tests="2" name="OCS Verification" time="50.304" errors="0" timestamp="09 May 2020 04:33:49 GMT">
  <testcase classname="cannabistest.OCSVerifyCart" name="verifying_With_Illegal_Amount_Of_Product_To_Cart" time="19.593"/>
  <testcase classname="cannabistest.OCSVerifyCart" name="verifying_With_Legal_Amount_Of_Product_To_Cart" time="22.602"/>
</testsuite> <!-- OCS Verification -->
